e:\nguyen ly lap trinh\de_thi\de_thi\x64\debug\vc143.pdb
e:\nguyen ly lap trinh\de_thi\de_thi\x64\debug\vc143.idb
e:\nguyen ly lap trinh\de_thi\de_thi\x64\debug\program.obj
e:\nguyen ly lap trinh\de_thi\de_thi\x64\debug\de_thi.ilk
e:\nguyen ly lap trinh\de_thi\x64\debug\de_thi.pdb
e:\nguyen ly lap trinh\de_thi\de_thi\x64\debug\de_thi.tlog\cl.command.1.tlog
e:\nguyen ly lap trinh\de_thi\de_thi\x64\debug\de_thi.tlog\cl.items.tlog
e:\nguyen ly lap trinh\de_thi\de_thi\x64\debug\de_thi.tlog\cl.read.1.tlog
e:\nguyen ly lap trinh\de_thi\de_thi\x64\debug\de_thi.tlog\cl.write.1.tlog
e:\nguyen ly lap trinh\de_thi\de_thi\x64\debug\de_thi.tlog\link-cvtres.read.1.tlog
e:\nguyen ly lap trinh\de_thi\de_thi\x64\debug\de_thi.tlog\link-cvtres.write.1.tlog
e:\nguyen ly lap trinh\de_thi\de_thi\x64\debug\de_thi.tlog\link-rc.read.1.tlog
e:\nguyen ly lap trinh\de_thi\de_thi\x64\debug\de_thi.tlog\link-rc.write.1.tlog
e:\nguyen ly lap trinh\de_thi\de_thi\x64\debug\de_thi.tlog\link.13036-cvtres.read.1.tlog
e:\nguyen ly lap trinh\de_thi\de_thi\x64\debug\de_thi.tlog\link.13036-cvtres.write.1.tlog
e:\nguyen ly lap trinh\de_thi\de_thi\x64\debug\de_thi.tlog\link.13036-rc.read.1.tlog
e:\nguyen ly lap trinh\de_thi\de_thi\x64\debug\de_thi.tlog\link.13036-rc.write.1.tlog
e:\nguyen ly lap trinh\de_thi\de_thi\x64\debug\de_thi.tlog\link.13036.read.1.tlog
e:\nguyen ly lap trinh\de_thi\de_thi\x64\debug\de_thi.tlog\link.13036.read.2.tlog
e:\nguyen ly lap trinh\de_thi\de_thi\x64\debug\de_thi.tlog\link.13036.write.1.tlog
e:\nguyen ly lap trinh\de_thi\de_thi\x64\debug\de_thi.tlog\link.command.1.tlog
e:\nguyen ly lap trinh\de_thi\de_thi\x64\debug\de_thi.tlog\link.read.1.tlog
e:\nguyen ly lap trinh\de_thi\de_thi\x64\debug\de_thi.tlog\link.read.2.tlog
e:\nguyen ly lap trinh\de_thi\de_thi\x64\debug\de_thi.tlog\link.secondary.1.tlog
e:\nguyen ly lap trinh\de_thi\de_thi\x64\debug\de_thi.tlog\link.write.1.tlog
